Using pre-set license
Built from '2021.3/staging' branch; Version is '2021.3.10f1 (1c7d0df0160b) revision 1867021'; Using compiler version '192829333'; Build Type 'Release'
OS: 'Windows 10  (10.0.19044) 64bit Professional' Language: 'es' Physical Memory: 16270 MB
BatchMode: 1, IsHumanControllingUs: 0, StartBugReporterOnCrash: 0, Is64bit: 1, IsPro: 1

COMMAND LINE ARGUMENTS:
C:\Program Files\Unity\Hub\Editor\2021.3.10f1\Editor\Unity.exe
-adb2
-batchMode
-noUpm
-name
AssetImportWorker0
-projectPath
D:/Marina_Serra/RPMI-multi_interactius/02_PROJECTE
-logFile
Logs/AssetImportWorker0.log
-srvPort
61190
Successfully changed project path to: D:/Marina_Serra/RPMI-multi_interactius/02_PROJECTE
D:/Marina_Serra/RPMI-multi_interactius/02_PROJECTE
[UnityMemory] Configuration Parameters - Can be set up in boot.config
    "memorysetup-bucket-allocator-granularity=16"
    "memorysetup-bucket-allocator-bucket-count=8"
    "memorysetup-bucket-allocator-block-size=33554432"
    "memorysetup-bucket-allocator-block-count=8"
    "memorysetup-main-allocator-block-size=16777216"
    "memorysetup-thread-allocator-block-size=16777216"
    "memorysetup-gfx-main-allocator-block-size=16777216"
    "memorysetup-gfx-thread-allocator-block-size=16777216"
    "memorysetup-cache-allocator-block-size=4194304"
    "memorysetup-typetree-allocator-block-size=2097152"
    "memorysetup-profiler-bucket-allocator-granularity=16"
    "memorysetup-profiler-bucket-allocator-bucket-count=8"
    "memorysetup-profiler-bucket-allocator-block-size=33554432"
    "memorysetup-profiler-bucket-allocator-block-count=8"
    "memorysetup-profiler-allocator-block-size=16777216"
    "memorysetup-profiler-editor-allocator-block-size=1048576"
    "memorysetup-temp-allocator-size-main=16777216"
    "memorysetup-job-temp-allocator-block-size=2097152"
    "memorysetup-job-temp-allocator-block-size-background=1048576"
    "memorysetup-job-temp-allocator-reduction-small-platforms=262144"
    "memorysetup-temp-allocator-size-background-worker=32768"
    "memorysetup-temp-allocator-size-job-worker=262144"
    "memorysetup-temp-allocator-size-preload-manager=33554432"
    "memorysetup-temp-allocator-size-nav-mesh-worker=65536"
    "memorysetup-temp-allocator-size-audio-worker=65536"
    "memorysetup-temp-allocator-size-cloud-worker=32768"
    "memorysetup-temp-allocator-size-gi-baking-worker=262144"
    "memorysetup-temp-allocator-size-gfx=262144"
Refreshing native plugins compatible for Editor in 103.89 ms, found 3 plugins.
Preloading 0 native plugins for Editor in 0.00 ms.
Initialize engine version: 2021.3.10f1 (1c7d0df0160b)
[Subsystems] Discovering subsystems at path C:/Program Files/Unity/Hub/Editor/2021.3.10f1/Editor/Data/Resources/UnitySubsystems
[Subsystems] Discovering subsystems at path D:/Marina_Serra/RPMI-multi_interactius/02_PROJECTE/Assets
GfxDevice: creating device client; threaded=0; jobified=0
Direct3D:
    Version:  Direct3D 11.0 [level 11.1]
    Renderer: NVIDIA GeForce GTX 1050 Ti (ID=0x1c82)
    Vendor:   NVIDIA
    VRAM:     4018 MB
    Driver:   30.0.15.1215
Initialize mono
Mono path[0] = 'C:/Program Files/Unity/Hub/Editor/2021.3.10f1/Editor/Data/Managed'
Mono path[1] = 'C:/Program Files/Unity/Hub/Editor/2021.3.10f1/Editor/Data/MonoBleedingEdge/lib/mono/unityjit-win32'
Mono config path = 'C:/Program Files/Unity/Hub/Editor/2021.3.10f1/Editor/Data/MonoBleedingEdge/etc'
Using monoOptions --debugger-agent=transport=dt_socket,embedding=1,server=y,suspend=n,address=127.0.0.1:56296
Begin MonoManager ReloadAssembly
Registering precompiled unity dll's ...
Register platform support module: C:/Program Files/Unity/Hub/Editor/2021.3.10f1/Editor/Data/PlaybackEngines/WebGLSupport/UnityEditor.WebGL.Extensions.dll
Register platform support module: C:/Program Files/Unity/Hub/Editor/2021.3.10f1/Editor/Data/PlaybackEngines/WindowsStandaloneSupport/UnityEditor.WindowsStandalone.Extensions.dll
Registered in 0.010871 seconds.
Native extension for WindowsStandalone target not found
Native extension for WebGL target not found
Refreshing native plugins compatible for Editor in 108.05 ms, found 3 plugins.
Preloading 0 native plugins for Editor in 0.00 ms.
Mono: successfully reloaded assembly
- Completed reload, in  0.835 seconds
Domain Reload Profiling:
	ReloadAssembly (836ms)
		BeginReloadAssembly (94ms)
			ExecutionOrderSort (0ms)
			DisableScriptedObjects (0ms)
			BackupInstance (0ms)
			ReleaseScriptingObjects (0ms)
			CreateAndSetChildDomain (1ms)
		EndReloadAssembly (597ms)
			LoadAssemblies (91ms)
			RebuildTransferFunctionScriptingTraits (0ms)
			SetupTypeCache (139ms)
			ReleaseScriptCaches (0ms)
			RebuildScriptCaches (39ms)
			SetupLoadedEditorAssemblies (355ms)
				LogAssemblyErrors (0ms)
				InitializePlatformSupportModulesInManaged (11ms)
				SetLoadedEditorAssemblies (0ms)
				RefreshPlugins (108ms)
				BeforeProcessingInitializeOnLoad (1ms)
				ProcessInitializeOnLoadAttributes (178ms)
				ProcessInitializeOnLoadMethodAttributes (56ms)
				AfterProcessingInitializeOnLoad (0ms)
				EditorAssembliesLoaded (0ms)
			ExecutionOrderSort2 (0ms)
			AwakeInstancesAfterBackupRestoration (0ms)
Platform modules already initialized, skipping
Registering precompiled user dll's ...
Registered in 0.004764 seconds.
Begin MonoManager ReloadAssembly
Symbol file LoadedFromMemory doesn't match image D:\Marina_Serra\RPMI-multi_interactius\02_PROJECTE\Library\PackageCache\com.unity.visualscripting@1.7.8\Editor\VisualScripting.Core\Dependencies\YamlDotNet\Unity.VisualScripting.YamlDotNet.dll
Symbol file LoadedFromMemory doesn't match image D:\Marina_Serra\RPMI-multi_interactius\02_PROJECTE\Library\PackageCache\com.unity.visualscripting@1.7.8\Editor\VisualScripting.Core\Dependencies\DotNetZip\Unity.VisualScripting.IonicZip.dll
Native extension for WindowsStandalone target not found
Native extension for WebGL target not found
Refreshing native plugins compatible for Editor in 0.58 ms, found 3 plugins.
Preloading 0 native plugins for Editor in 0.00 ms.
Mono: successfully reloaded assembly
- Completed reload, in  1.284 seconds
Domain Reload Profiling:
	ReloadAssembly (1285ms)
		BeginReloadAssembly (141ms)
			ExecutionOrderSort (0ms)
			DisableScriptedObjects (7ms)
			BackupInstance (0ms)
			ReleaseScriptingObjects (0ms)
			CreateAndSetChildDomain (23ms)
		EndReloadAssembly (998ms)
			LoadAssemblies (100ms)
			RebuildTransferFunctionScriptingTraits (0ms)
			SetupTypeCache (341ms)
			ReleaseScriptCaches (1ms)
			RebuildScriptCaches (63ms)
			SetupLoadedEditorAssemblies (450ms)
				LogAssemblyErrors (0ms)
				InitializePlatformSupportModulesInManaged (10ms)
				SetLoadedEditorAssemblies (1ms)
				RefreshPlugins (1ms)
				BeforeProcessingInitializeOnLoad (114ms)
				ProcessInitializeOnLoadAttributes (282ms)
				ProcessInitializeOnLoadMethodAttributes (34ms)
				AfterProcessingInitializeOnLoad (10ms)
				EditorAssembliesLoaded (0ms)
			ExecutionOrderSort2 (0ms)
			AwakeInstancesAfterBackupRestoration (8ms)
Platform modules already initialized, skipping
========================================================================
Worker process is ready to serve import requests
Launched and connected shader compiler UnityShaderCompiler.exe after 0.05 seconds
Refreshing native plugins compatible for Editor in 0.59 ms, found 3 plugins.
Preloading 0 native plugins for Editor in 0.00 ms.
Unloading 3380 Unused Serialized files (Serialized files now loaded: 0)
Unloading 27 unused Assets / (113.5 KB). Loaded Objects now: 3837.
Memory consumption went from 116.2 MB to 116.1 MB.
Total: 3.413600 ms (FindLiveObjects: 0.289000 ms CreateObjectMapping: 0.224500 ms MarkObjects: 2.778100 ms  DeleteObjects: 0.120600 ms)

AssetImportParameters requested are different than current active one (requested -> active):
  custom:video-decoder-ogg-theora: a1e56fd34408186e4bbccfd4996cb3dc -> 
  custom:container-muxer-webm: aa71ff27fc2769a1b78a27578f13a17b -> 
  custom:container-demuxer-webm: 4f35f7cbe854078d1ac9338744f61a02 -> 
  custom:video-encoder-webm-vp8: eb34c28f22e8b96e1ab97ce403110664 -> 
  custom:audio-encoder-webm-vorbis: bf7c407c2cedff20999df2af8eb42d56 -> 
  custom:framework-win-MediaFoundation: 216162199b28c13a410421893ffa2e32 -> 
  custom:container-demuxer-ogg: 62fdf1f143b41e24485cea50d1cbac27 -> 
  custom:video-decoder-webm-vp8: 9c59270c3fd7afecdb556c50c9e8de78 -> 
  custom:audio-decoder-ogg-vorbis: bf7c407c2cedff20999df2af8eb42d56 -> 
========================================================================
Received Import Request.
  Time since last request: 695583.308648 seconds.
  path: Assets
  artifactKey: Guid(00000000000000001000000000000000) Importer(815301076,1909f56bfc062723c751e8b465ee728b)
Start importing Assets using Guid(00000000000000001000000000000000) Importer(815301076,1909f56bfc062723c751e8b465ee728b)  -> (artifact id: '79842766b460edbeab6a34051e857a80') in 0.006120 seconds 
========================================================================
Received Import Request.
  Time since last request: 5.526294 seconds.
  path: Assets/PROVA1.unity
  artifactKey: Guid(edb0a277fa848ef42824a8bdb3189564) Importer(815301076,1909f56bfc062723c751e8b465ee728b)
Start importing Assets/PROVA1.unity using Guid(edb0a277fa848ef42824a8bdb3189564) Importer(815301076,1909f56bfc062723c751e8b465ee728b)  -> (artifact id: '1bb906cd1fda3d260b233f26482ff40f') in 0.001830 seconds 
========================================================================
Received Import Request.
  Time since last request: 5.278969 seconds.
  path: Assets/Scenes
  artifactKey: Guid(6ea315d0fd7389c41b19996891e99ae3) Importer(815301076,1909f56bfc062723c751e8b465ee728b)
Start importing Assets/Scenes using Guid(6ea315d0fd7389c41b19996891e99ae3) Importer(815301076,1909f56bfc062723c751e8b465ee728b)  -> (artifact id: 'b8193726cff86800c54781cdc6d54904') in 0.001116 seconds 
========================================================================
Received Import Request.
  Time since last request: 3.950505 seconds.
  path: Assets/Scenes/SampleScene.unity
  artifactKey: Guid(9fc0d4010bbf28b4594072e72b8655ab) Importer(815301076,1909f56bfc062723c751e8b465ee728b)
Start importing Assets/Scenes/SampleScene.unity using Guid(9fc0d4010bbf28b4594072e72b8655ab) Importer(815301076,1909f56bfc062723c751e8b465ee728b)  -> (artifact id: '343e073a2cb44aab720a50238117c517') in 0.001297 seconds 
========================================================================
Received Import Request.
  Time since last request: 83.045538 seconds.
  path: Assets/PREFABS
  artifactKey: Guid(934530a4a81412b4094dbd2042c32cc4) Importer(815301076,1909f56bfc062723c751e8b465ee728b)
Start importing Assets/PREFABS using Guid(934530a4a81412b4094dbd2042c32cc4) Importer(815301076,1909f56bfc062723c751e8b465ee728b)  -> (artifact id: '8b7dc33580408dbe92413b2635a1684b') in 0.001863 seconds 
========================================================================
Received Import Request.
  Time since last request: 9.990150 seconds.
  path: Assets/PREFABS/COLUMNA.prefab
  artifactKey: Guid(a9df3e633dec93d4bac3e98466ae7a74) Importer(815301076,1909f56bfc062723c751e8b465ee728b)
Start importing Assets/PREFABS/COLUMNA.prefab using Guid(a9df3e633dec93d4bac3e98466ae7a74) Importer(815301076,1909f56bfc062723c751e8b465ee728b)  -> (artifact id: '50e82afbf987de7f2000d81dd8d92815') in 0.141966 seconds 
========================================================================
Received Import Request.
  Time since last request: 220.818667 seconds.
  path: Assets/PREFABS/COLUMNA.prefab
  artifactKey: Guid(a9df3e633dec93d4bac3e98466ae7a74) Importer(815301076,1909f56bfc062723c751e8b465ee728b)
Start importing Assets/PREFABS/COLUMNA.prefab using Guid(a9df3e633dec93d4bac3e98466ae7a74) Importer(815301076,1909f56bfc062723c751e8b465ee728b)  -> (artifact id: '6f271f8dcf44fe1beba40c230f3d541a') in 0.010414 seconds 
========================================================================
Received Import Request.
  Time since last request: 96.720797 seconds.
  path: Assets/PREFABS/bolla.prefab
  artifactKey: Guid(c57d4dbb2132d9943bd276e665fec42b) Importer(815301076,1909f56bfc062723c751e8b465ee728b)
Start importing Assets/PREFABS/bolla.prefab using Guid(c57d4dbb2132d9943bd276e665fec42b) Importer(815301076,1909f56bfc062723c751e8b465ee728b)  -> (artifact id: '92613247f80018a2b8652e68a9b033fd') in 0.009827 seconds 
========================================================================
Received Import Request.
  Time since last request: 41.661280 seconds.
  path: Assets/PREFABS/bolla.prefab
  artifactKey: Guid(c57d4dbb2132d9943bd276e665fec42b) Importer(815301076,1909f56bfc062723c751e8b465ee728b)
Start importing Assets/PREFABS/bolla.prefab using Guid(c57d4dbb2132d9943bd276e665fec42b) Importer(815301076,1909f56bfc062723c751e8b465ee728b)  -> (artifact id: 'd942dc5853f18de60d557f8f304e2b41') in 0.009648 seconds 
========================================================================
Received Import Request.
  Time since last request: 309.157905 seconds.
  path: Assets/PREFABS/tempolo.prefab
  artifactKey: Guid(f7f161c00cef0c4459ce9c1cec94e864) Importer(815301076,1909f56bfc062723c751e8b465ee728b)
Start importing Assets/PREFABS/tempolo.prefab using Guid(f7f161c00cef0c4459ce9c1cec94e864) Importer(815301076,1909f56bfc062723c751e8b465ee728b)  -> (artifact id: '03179626a502c585656d072c72fef292') in 0.021590 seconds 
========================================================================
Received Import Request.
  Time since last request: 237.887120 seconds.
  path: Assets/PREFABS/tempolo.prefab
  artifactKey: Guid(f7f161c00cef0c4459ce9c1cec94e864) Importer(815301076,1909f56bfc062723c751e8b465ee728b)
Start importing Assets/PREFABS/tempolo.prefab using Guid(f7f161c00cef0c4459ce9c1cec94e864) Importer(815301076,1909f56bfc062723c751e8b465ee728b)  -> (artifact id: 'e625b5e55755b8552d31dc3552075f29') in 0.015986 seconds 
========================================================================
Received Import Request.
  Time since last request: 61.104812 seconds.
  path: Assets/materials
  artifactKey: Guid(5f965979e4fc75542bbede8fc3a2f16a) Importer(815301076,1909f56bfc062723c751e8b465ee728b)
Start importing Assets/materials using Guid(5f965979e4fc75542bbede8fc3a2f16a) Importer(815301076,1909f56bfc062723c751e8b465ee728b)  -> (artifact id: '9527cd33f79601de5e43eb14ed424960') in 0.002027 seconds 
========================================================================
Received Import Request.
  Time since last request: 10.000829 seconds.
  path: Assets/materials/New Material.mat
  artifactKey: Guid(086d6bd99ad0cc845860aa758e553178) Importer(815301076,1909f56bfc062723c751e8b465ee728b)
Start importing Assets/materials/New Material.mat using Guid(086d6bd99ad0cc845860aa758e553178) Importer(815301076,1909f56bfc062723c751e8b465ee728b)  -> (artifact id: '9c22c1bf9d3060502ba9bd0c0d3bdc4f') in 0.168868 seconds 
========================================================================
Received Import Request.
  Time since last request: 44.960471 seconds.
  path: Assets/materials/New Material 1.mat
  artifactKey: Guid(e2ce352dca9589b4c90c31f375097a75) Importer(815301076,1909f56bfc062723c751e8b465ee728b)
Start importing Assets/materials/New Material 1.mat using Guid(e2ce352dca9589b4c90c31f375097a75) Importer(815301076,1909f56bfc062723c751e8b465ee728b)  -> (artifact id: '958c58c8e669cd4d15a540a015a44f2c') in 0.010434 seconds 
========================================================================
Received Import Request.
  Time since last request: 270.588596 seconds.
  path: Assets/materials/textures.mat
  artifactKey: Guid(0b05f83f04feadd448a05e2f0110030c) Importer(815301076,1909f56bfc062723c751e8b465ee728b)
Start importing Assets/materials/textures.mat using Guid(0b05f83f04feadd448a05e2f0110030c) Importer(815301076,1909f56bfc062723c751e8b465ee728b)  -> (artifact id: 'b40f510814322add935133640715d8e6') in 0.020088 seconds 
========================================================================
Received Import Request.
  Time since last request: 10.240892 seconds.
  path: Assets/materials/textures
  artifactKey: Guid(8de2e734d379c0c4a9efa33309505d42) Importer(815301076,1909f56bfc062723c751e8b465ee728b)
Start importing Assets/materials/textures using Guid(8de2e734d379c0c4a9efa33309505d42) Importer(815301076,1909f56bfc062723c751e8b465ee728b)  -> (artifact id: 'f2c5baa3912fbddc16604108be0c63f0') in 0.002272 seconds 
========================================================================
Received Import Request.
  Time since last request: 6.438461 seconds.
  path: Assets/materials/textures/MAT_herba.jpg
  artifactKey: Guid(7cade5c91f37eee4bb4d35d24da9e8a2) Importer(815301076,1909f56bfc062723c751e8b465ee728b)
Start importing Assets/materials/textures/MAT_herba.jpg using Guid(7cade5c91f37eee4bb4d35d24da9e8a2) Importer(815301076,1909f56bfc062723c751e8b465ee728b)  -> (artifact id: 'b034f9447d0bbca1c713afe767aae8ca') in 0.033843 seconds 
========================================================================
Received Import Request.
  Time since last request: 3.272182 seconds.
  path: Assets/materials/textures/MAT_FONS_good.jpg
  artifactKey: Guid(f9af6aea7e03dd641a4a889472fa830e) Importer(815301076,1909f56bfc062723c751e8b465ee728b)
Start importing Assets/materials/textures/MAT_FONS_good.jpg using Guid(f9af6aea7e03dd641a4a889472fa830e) Importer(815301076,1909f56bfc062723c751e8b465ee728b)  -> (artifact id: '63c0c964f3de2ac678da64fd69614a86') in 0.020149 seconds 
========================================================================
Received Import Request.
  Time since last request: 41.611724 seconds.
  path: Assets/materials/Materials
  artifactKey: Guid(ecd681a47d11e644eac25f79f4d32af2) Importer(815301076,1909f56bfc062723c751e8b465ee728b)
Start importing Assets/materials/Materials using Guid(ecd681a47d11e644eac25f79f4d32af2) Importer(815301076,1909f56bfc062723c751e8b465ee728b)  -> (artifact id: '6a6ba9b4260f4ed54adf142fc096d508') in 0.001962 seconds 
========================================================================
Received Import Request.
  Time since last request: 1.148432 seconds.
  path: Assets/materials/Materials/MAT_herba.mat
  artifactKey: Guid(e255113901e362d4285fae6ad5965db2) Importer(815301076,1909f56bfc062723c751e8b465ee728b)
Start importing Assets/materials/Materials/MAT_herba.mat using Guid(e255113901e362d4285fae6ad5965db2) Importer(815301076,1909f56bfc062723c751e8b465ee728b)  -> (artifact id: '3a8094530589e39aa686762efd760eef') in 0.009052 seconds 
========================================================================
Received Import Request.
  Time since last request: 230.089620 seconds.
  path: Assets/materials/textures/FONS.prefab
  artifactKey: Guid(8758f835ece161348a0aad02f2372781) Importer(815301076,1909f56bfc062723c751e8b465ee728b)
Start importing Assets/materials/textures/FONS.prefab using Guid(8758f835ece161348a0aad02f2372781) Importer(815301076,1909f56bfc062723c751e8b465ee728b)  -> (artifact id: 'e8a4089f894fdd9ef0859fb4b3487376') in 0.011175 seconds 
========================================================================
Received Import Request.
  Time since last request: 8.332173 seconds.
  path: Assets/PREFABS/tempolo.prefab
  artifactKey: Guid(f7f161c00cef0c4459ce9c1cec94e864) Importer(815301076,1909f56bfc062723c751e8b465ee728b)
Start importing Assets/PREFABS/tempolo.prefab using Guid(f7f161c00cef0c4459ce9c1cec94e864) Importer(815301076,1909f56bfc062723c751e8b465ee728b)  -> (artifact id: '5a582395d5c55837bf5cee85cfe66245') in 0.012001 seconds 
========================================================================
Received Import Request.
  Time since last request: 2.936051 seconds.
  path: Assets/PREFABS/FONS.prefab
  artifactKey: Guid(d836abd77bc44804c85956ee3317ce3b) Importer(815301076,1909f56bfc062723c751e8b465ee728b)
Start importing Assets/PREFABS/FONS.prefab using Guid(d836abd77bc44804c85956ee3317ce3b) Importer(815301076,1909f56bfc062723c751e8b465ee728b)  -> (artifact id: 'b83f85c6babb7f49b425751a4ec1a0db') in 0.009290 seconds 
========================================================================
Received Import Request.
  Time since last request: 207.121094 seconds.
  path: Assets/materials/textures/MAT_FONS_good.jpg
  artifactKey: Guid(f9af6aea7e03dd641a4a889472fa830e) Importer(815301076,1909f56bfc062723c751e8b465ee728b)
Start importing Assets/materials/textures/MAT_FONS_good.jpg using Guid(f9af6aea7e03dd641a4a889472fa830e) Importer(815301076,1909f56bfc062723c751e8b465ee728b)  -> (artifact id: 'a57da528ebc65365b193c65f2cf13475') in 0.011370 seconds 
========================================================================
Received Import Request.
  Time since last request: 10.571705 seconds.
  path: Assets/materials/textures/MAT_FONS_good.jpg
  artifactKey: Guid(f9af6aea7e03dd641a4a889472fa830e) Importer(815301076,1909f56bfc062723c751e8b465ee728b)
Start importing Assets/materials/textures/MAT_FONS_good.jpg using Guid(f9af6aea7e03dd641a4a889472fa830e) Importer(815301076,1909f56bfc062723c751e8b465ee728b)  -> (artifact id: 'd270a4b02355aecc00be99f8f9a6aa36') in 0.020766 seconds 
========================================================================
Received Import Request.
  Time since last request: 48.023141 seconds.
  path: Assets/materials/Materials/MAT_FONS_good.mat
  artifactKey: Guid(1bcbded1cffdd6047bab08f4ef8fe0f8) Importer(815301076,1909f56bfc062723c751e8b465ee728b)
Start importing Assets/materials/Materials/MAT_FONS_good.mat using Guid(1bcbded1cffdd6047bab08f4ef8fe0f8) Importer(815301076,1909f56bfc062723c751e8b465ee728b)  -> (artifact id: '070ba3b6c8c9dde18f4f535bb2a42693') in 0.010756 seconds 
========================================================================
Received Import Request.
  Time since last request: 410.416754 seconds.
  path: Assets/materials/Materials/MAT_FONS_good.mat
  artifactKey: Guid(1bcbded1cffdd6047bab08f4ef8fe0f8) Importer(815301076,1909f56bfc062723c751e8b465ee728b)
Start importing Assets/materials/Materials/MAT_FONS_good.mat using Guid(1bcbded1cffdd6047bab08f4ef8fe0f8) Importer(815301076,1909f56bfc062723c751e8b465ee728b)  -> (artifact id: '982ef894e8cb89d96d8aed737ec01aa7') in 0.014346 seconds 
========================================================================
Received Import Request.
  Time since last request: 0.000054 seconds.
  path: Assets/materials/Materials/MAT_herba.mat
  artifactKey: Guid(e255113901e362d4285fae6ad5965db2) Importer(815301076,1909f56bfc062723c751e8b465ee728b)
Start importing Assets/materials/Materials/MAT_herba.mat using Guid(e255113901e362d4285fae6ad5965db2) Importer(815301076,1909f56bfc062723c751e8b465ee728b)  -> (artifact id: '61182c91af419d3f9df535a72e6c8db1') in 0.011677 seconds 
========================================================================
Received Import Request.
  Time since last request: 203.499731 seconds.
  path: Assets/materials/New Material 1.mat
  artifactKey: Guid(e2ce352dca9589b4c90c31f375097a75) Importer(815301076,1909f56bfc062723c751e8b465ee728b)
Start importing Assets/materials/New Material 1.mat using Guid(e2ce352dca9589b4c90c31f375097a75) Importer(815301076,1909f56bfc062723c751e8b465ee728b)  -> (artifact id: '539cde79bf9ff86158c84576610ce345') in 0.009287 seconds 
========================================================================
Received Import Request.
  Time since last request: 0.000021 seconds.
  path: Assets/materials/New Material.mat
  artifactKey: Guid(086d6bd99ad0cc845860aa758e553178) Importer(815301076,1909f56bfc062723c751e8b465ee728b)
Start importing Assets/materials/New Material.mat using Guid(086d6bd99ad0cc845860aa758e553178) Importer(815301076,1909f56bfc062723c751e8b465ee728b)  -> (artifact id: '165d9884009f7dcaa1c00b1227a086a9') in 0.010288 seconds 
========================================================================
Received Import Request.
  Time since last request: 113.230405 seconds.
  path: Assets/PREFABS/tempolo.prefab
  artifactKey: Guid(f7f161c00cef0c4459ce9c1cec94e864) Importer(815301076,1909f56bfc062723c751e8b465ee728b)
Start importing Assets/PREFABS/tempolo.prefab using Guid(f7f161c00cef0c4459ce9c1cec94e864) Importer(815301076,1909f56bfc062723c751e8b465ee728b)  -> (artifact id: 'f91533db9930489ecdcf7d4ed0ff9595') in 0.013190 seconds 
========================================================================
Received Import Request.
  Time since last request: 8.123202 seconds.
  path: Assets/PREFABS/FONS (3).prefab
  artifactKey: Guid(f959050c7f2608f4f93f1b94ee325f87) Importer(815301076,1909f56bfc062723c751e8b465ee728b)
Start importing Assets/PREFABS/FONS (3).prefab using Guid(f959050c7f2608f4f93f1b94ee325f87) Importer(815301076,1909f56bfc062723c751e8b465ee728b)  -> (artifact id: '4d30392ec0f303a0c17402c04e0c0e84') in 0.019378 seconds 
========================================================================
Received Import Request.
  Time since last request: 252.702239 seconds.
  path: Assets/PREFABS/PARET_1.prefab
  artifactKey: Guid(a795a30fd9cfdaf41871b273607d0771) Importer(815301076,1909f56bfc062723c751e8b465ee728b)
Start importing Assets/PREFABS/PARET_1.prefab using Guid(a795a30fd9cfdaf41871b273607d0771) Importer(815301076,1909f56bfc062723c751e8b465ee728b)  -> (artifact id: 'a79ad5865e85f289f7266daa76638abf') in 0.020006 seconds 
========================================================================
Received Import Request.
  Time since last request: 3.135008 seconds.
  path: Assets/PREFABS/PARET_1.prefab
  artifactKey: Guid(a795a30fd9cfdaf41871b273607d0771) Importer(815301076,1909f56bfc062723c751e8b465ee728b)
Start importing Assets/PREFABS/PARET_1.prefab using Guid(a795a30fd9cfdaf41871b273607d0771) Importer(815301076,1909f56bfc062723c751e8b465ee728b)  -> (artifact id: 'a86c5dd6713e41b879512fa2076940e9') in 0.005263 seconds 
